<?xml version="1.0" encoding="UTF-8"?>
<testsuite xmlns:xsi="http://www.w3.org/2001/XMLSchema-instance" xsi:noNamespaceSchemaLocation="https://maven.apache.org/surefire/maven-surefire-plugin/xsd/surefire-test-report-3.0.xsd" version="3.0" name="TestSuite" time="80.668" tests="22" errors="0" skipped="19" failures="3">
  <properties>
[...]
</properties>
  <testcase name="intializeDriver" classname="com.qa.tests.LoginDataDrivenTest" time="79.66">
    <failure message="&#10;Parameter &apos;platformName&apos; is required by BeforeClass on method intializeDriver but has not been marked @Optional or defined&#10;" type="org.testng.TestNGException"><![CDATA[org.testng.TestNGException: 

Parameter 'platformName' is required by BeforeClass on method intializeDriver but has not been marked @Optional or defined

]]></failure>
    <system-out><![CDATA[[INFO ] 2023-02-21 19:47:00.298  com.qa.generic.BaseTest:103 - -------------Appium server has started successfully---------
[INFO ] 2023-02-21 19:47:00.298  com.qa.generic.BaseTest:103 - -------------Appium server has started successfully---------
&amp#27;[35m[Appium]&amp#27;[39m Welcome to Appium v2.0.0-beta.47
&amp#27;[35m[Appium]&amp#27;[39m Non-default server args:
&amp#27;[35m[Appium]&amp#27;[39m { sessionOverride: &amp#27;[33mtrue&amp#27;[39m }
&amp#27;[35m[Appium]&amp#27;[39m Attempting to load driver uiautomator2...
[debug] &amp#27;[35m[Appium]&amp#27;[39m Requiring driver at C:\Users\neelavathi\.appium\node_modules\appium-uiautomator2-driver
&amp#27;[35m[Appium]&amp#27;[39m Appium REST http interface listener started on 0.0.0.0:4723
&amp#27;[35m[Appium]&amp#27;[39m Available drivers:
&amp#27;[35m[Appium]&amp#27;[39m   - uiautomator2@2.12.0 (automationName 'UiAutomator2')
&amp#27;[35m[Appium]&amp#27;[39m No plugins have been installed. Use the "appium plugin" command to install the one(s) you want to use.
&amp#27;[38;5;0m[HTTP]&amp#27;[0m &amp#27;[37m-->&amp#27;[39m &amp#27;[37mGET&amp#27;[39m &amp#27;[37m/status&amp#27;[39m
&amp#27;[38;5;0m[HTTP]&amp#27;[0m &amp#27;[90m{}&amp#27;[39m
[debug] &amp#27;[38;5;16m[AppiumDriver@2502]&amp#27;[0m Calling AppiumDriver.getStatus() with args: []
[debug] &amp#27;[38;5;16m[AppiumDriver@2502]&amp#27;[0m Responding to client with driver.getStatus() result: {"build":{"version":"2.0.0-beta.47"}}
&amp#27;[38;5;0m[HTTP]&amp#27;[0m &amp#27;[37m<-- GET /status &amp#27;[39m&amp#27;[32m200&amp#27;[39m &amp#27;[90m17 ms - 47&amp#27;[39m
&amp#27;[38;5;0m[HTTP]&amp#27;[0m &amp#27;[90m&amp#27;[39m
]]></system-out>
    <system-err><![CDATA[SLF4J: No SLF4J providers were found.
SLF4J: Defaulting to no-operation (NOP) logger implementation
SLF4J: See https://www.slf4j.org/codes.html#noProviders for further details.
]]></system-err>
  </testcase>
  <testcase name="beforeMethod" classname="com.qa.tests.LoginDataDrivenTest" time="0">
    <skipped/>
  </testcase>
  <testcase name="beforeMethod" classname="com.qa.tests.LoginDataDrivenTest" time="0">
    <skipped/>
  </testcase>
  <testcase name="sucessfullLogin[john@gmail.com, 123456789](1)" classname="com.qa.tests.LoginDataDrivenTest" time="0">
    <skipped message="&#10;Parameter &apos;platformName&apos; is required by BeforeClass on method intializeDriver but has not been marked @Optional or defined&#10;"/>
  </testcase>
  <testcase name="sucessfullLogin[testtia4@gmail.com, 1234@4321](2)" classname="com.qa.tests.LoginDataDrivenTest" time="0">
    <skipped message="&#10;Parameter &apos;platformName&apos; is required by BeforeClass on method intializeDriver but has not been marked @Optional or defined&#10;"/>
  </testcase>
  <testcase name="quitDriver" classname="com.qa.tests.LoginDataDrivenTest" time="0">
    <skipped/>
  </testcase>
  <testcase name="intializeDriver" classname="com.qa.tests.LoginTest" time="0">
    <failure message="&#10;Parameter &apos;platformName&apos; is required by BeforeClass on method intializeDriver but has not been marked @Optional or defined&#10;" type="org.testng.TestNGException"><![CDATA[org.testng.TestNGException: 

Parameter 'platformName' is required by BeforeClass on method intializeDriver but has not been marked @Optional or defined

]]></failure>
  </testcase>
  <testcase name="beforeMethod" classname="com.qa.tests.LoginTest" time="0">
    <skipped/>
  </testcase>
  <testcase name="beforeMethod" classname="com.qa.tests.LoginTest" time="0">
    <skipped/>
  </testcase>
  <testcase name="beforeMethod" classname="com.qa.tests.LoginTest" time="0">
    <skipped/>
  </testcase>
  <testcase name="loginScreenNavigation" classname="com.qa.tests.LoginTest" time="0">
    <skipped message="&#10;Parameter &apos;platformName&apos; is required by BeforeClass on method intializeDriver but has not been marked @Optional or defined&#10;"/>
  </testcase>
  <testcase name="invalidcredentialslLogin" classname="com.qa.tests.LoginTest" time="0">
    <skipped message="&#10;Parameter &apos;platformName&apos; is required by BeforeClass on method intializeDriver but has not been marked @Optional or defined&#10;"/>
  </testcase>
  <testcase name="verifyErrorMsg_InvalidEmailId" classname="com.qa.tests.LoginTest" time="0">
    <skipped message="&#10;Parameter &apos;platformName&apos; is required by BeforeClass on method intializeDriver but has not been marked @Optional or defined&#10;"/>
  </testcase>
  <testcase name="quitDriver" classname="com.qa.tests.LoginTest" time="0">
    <skipped/>
  </testcase>
  <testcase name="intializeDriver" classname="com.qa.tests.RegistrationTest" time="0">
    <failure message="&#10;Parameter &apos;platformName&apos; is required by BeforeClass on method intializeDriver but has not been marked @Optional or defined&#10;" type="org.testng.TestNGException"><![CDATA[org.testng.TestNGException: 

Parameter 'platformName' is required by BeforeClass on method intializeDriver but has not been marked @Optional or defined

]]></failure>
  </testcase>
  <testcase name="beforeMethod" classname="com.qa.tests.RegistrationTest" time="0">
    <skipped/>
  </testcase>
  <testcase name="beforeMethod" classname="com.qa.tests.RegistrationTest" time="0">
    <skipped/>
  </testcase>
  <testcase name="registrationScreenNavigation" classname="com.qa.tests.RegistrationTest" time="0">
    <skipped message="&#10;Parameter &apos;platformName&apos; is required by BeforeClass on method intializeDriver but has not been marked @Optional or defined&#10;"/>
  </testcase>
  <testcase name="afterMethod" classname="com.qa.tests.RegistrationTest" time="0">
    <skipped/>
  </testcase>
  <testcase name="afterMethod" classname="com.qa.tests.RegistrationTest" time="0">
    <skipped/>
  </testcase>
  <testcase name="registrationFirstNameFieldErrorValidations" classname="com.qa.tests.RegistrationTest" time="0">
    <skipped message="&#10;Parameter &apos;platformName&apos; is required by BeforeClass on method intializeDriver but has not been marked @Optional or defined&#10;"/>
  </testcase>
  <testcase name="quitDriver" classname="com.qa.tests.RegistrationTest" time="0">
    <skipped/>
  </testcase>
</testsuite>